17.9s 1 number of duplicate rows:  (0, 41)
17.9s 2 Unnamed: 0: 207 distinct values
17.9s 3 ID: 207 distinct values
17.9s 4 Country of Origin: 22 distinct values
17.9s 5 Farm Name: 173 distinct values
17.9s 6 Lot Number: 188 distinct values
17.9s 7 Mill: 163 distinct values
17.9s 8 ICO Number: 68 distinct values
17.9s 9 Company: 72 distinct values
17.9s 10 Altitude: 98 distinct values
17.9s 11 Region: 121 distinct values
17.9s 12 Producer: 173 distinct values
17.9s 13 Number of Bags: 55 distinct values
17.9s 14 Bag Weight: 39 distinct values
17.9s 15 In-Country Partner: 21 distinct values
17.9s 16 Harvest Year: 7 distinct values
17.9s 17 Grading Date: 75 distinct values
17.9s 18 Owner: 80 distinct values
17.9s 19 Variety: 49 distinct values
17.9s 20 Status: 1 distinct values
17.9s 21 Processing Method: 11 distinct values
17.9s 22 Aroma: 19 distinct values
17.9s 23 Flavor: 19 distinct values
17.9s 24 Aftertaste: 20 distinct values
17.9s 25 Acidity: 19 distinct values
17.9s 26 Body: 17 distinct values
17.9s 27 Balance: 18 distinct values
17.9s 28 Uniformity: 3 distinct values
17.9s 29 Clean Cup: 1 distinct values
17.9s 30 Sweetness: 1 distinct values
17.9s 31 Overall: 21 distinct values
17.9s 32 Defects: 1 distinct values
17.9s 33 Total Cup Points: 81 distinct values
17.9s 34 Moisture Percentage: 46 distinct values
17.9s 35 Category One Defects: 6 distinct values
17.9s 36 Quakers: 11 distinct values
17.9s 37 Color: 12 distinct values
17.9s 38 Category Two Defects: 14 distinct values
17.9s 39 Expiration: 75 distinct values
17.9s 40 Certification Body: 21 distinct values
17.9s 41 Certification Address: 21 distinct values
17.9s 42 Certification Contact: 21 distinct values
26.0s 43 Mean Squared Error: 0.12949020428571217
30.5s 44 /opt/conda/lib/python3.10/site-packages/traitlets/traitlets.py:2930: FutureWarning: --Exporter.preprocessors=["remove_papermill_header.RemovePapermillHeader"] for containers is deprecated in traitlets 5.0. You can pass `--Exporter.preprocessors item` ... multiple times to add items to a list.
30.5s 45 warn(
30.5s 46 [NbConvertApp] WARNING | Config option `kernel_spec_manager_class` not recognized by `NbConvertApp`.
30.5s 47 [NbConvertApp] Converting notebook __notebook__.ipynb to notebook
31.0s 48 [NbConvertApp] Writing 874280 bytes to __notebook__.ipynb
32.8s 49 /opt/conda/lib/python3.10/site-packages/traitlets/traitlets.py:2930: FutureWarning: --Exporter.preprocessors=["nbconvert.preprocessors.ExtractOutputPreprocessor"] for containers is deprecated in traitlets 5.0. You can pass `--Exporter.preprocessors item` ... multiple times to add items to a list.
32.8s 50 warn(
32.8s 51 [NbConvertApp] WARNING | Config option `kernel_spec_manager_class` not recognized by `NbConvertApp`.
32.8s 52 [NbConvertApp] Converting notebook __notebook__.ipynb to html
34.0s 53 [NbConvertApp] Support files will be in __results___files/
34.0s 54 [NbConvertApp] Making directory __results___files
34.0s 55 [NbConvertApp] Making directory __results___files
34.0s 56 [NbConvertApp] Making directory __results___files
34.0s 57 [NbConvertApp] Making directory __results___files
34.0s 58 [NbConvertApp] Making directory __results___files
34.0s 59 [NbConvertApp] Making directory __results___files
34.0s 60 [NbConvertApp] Making directory __results___files
34.0s 61 [NbConvertApp] Making directory __results___files
34.0s 62 [NbConvertApp] Writing 449466 bytes to __results__.html